2022-04-27 08:33:40.335  INFO 236 --- [main] app.AppApplication                       : Starting AppApplication using Java 15.0.2 on 89025f7b5b94 with PID 236 (/srv/build/classes/java/main started by root in /srv)
2022-04-27 08:33:40.344  INFO 236 --- [main] app.AppApplication                       : No active profile set, falling back to 1 default profile: "default"
2022-04-27 08:33:43.375  INFO 236 --- [main] .s.d.r.c.RepositoryConfigurationDelegate : Bootstrapping Spring Data JPA repositories in DEFAULT mode.
2022-04-27 08:33:43.858  INFO 236 --- [main] .s.d.r.c.RepositoryConfigurationDelegate : Finished Spring Data repository scanning in 430 ms. Found 2 JPA repository interfaces.
2022-04-27 08:33:46.757  INFO 236 --- [main] o.s.b.w.embedded.tomcat.TomcatWebServer  : Tomcat initialized with port(s): 8080 (http)
2022-04-27 08:33:46.802  INFO 236 --- [main] o.apache.catalina.core.StandardService   : Starting service [Tomcat]
2022-04-27 08:33:46.803  INFO 236 --- [main] org.apache.catalina.core.StandardEngine  : Starting Servlet engine: [Apache Tomcat/9.0.62]
2022-04-27 08:33:47.130  INFO 236 --- [main] o.a.c.c.C.[Tomcat].[localhost].[/]       : Initializing Spring embedded WebApplicationContext
2022-04-27 08:33:47.131  INFO 236 --- [main] w.s.c.ServletWebServerApplicationContext : Root WebApplicationContext: initialization completed in 6587 ms
2022-04-27 08:33:47.744  INFO 236 --- [main] com.zaxxer.hikari.HikariDataSource       : HikariPool-1 - Starting...
2022-04-27 08:33:48.653  INFO 236 --- [main] com.zaxxer.hikari.HikariDataSource       : HikariPool-1 - Start completed.
2022-04-27 08:33:49.031  INFO 236 --- [main] o.hibernate.jpa.internal.util.LogHelper  : HHH000204: Processing PersistenceUnitInfo [name: default]
2022-04-27 08:33:49.519  INFO 236 --- [main] org.hibernate.Version                    : HHH000412: Hibernate ORM core version 5.6.8.Final
2022-04-27 08:33:51.509  INFO 236 --- [main] o.hibernate.annotations.common.Version   : HCANN000001: Hibernate Commons Annotations {5.1.2.Final}
2022-04-27 08:33:52.802  INFO 236 --- [main] org.hibernate.dialect.Dialect            : HHH000400: Using dialect: org.hibernate.dialect.MySQL8Dialect
2022-04-27 08:33:57.936  INFO 236 --- [main] o.h.e.t.j.p.i.JtaPlatformInitiator       : HHH000490: Using JtaPlatform implementation: [org.hibernate.engine.transaction.jta.platform.internal.NoJtaPlatform]
2022-04-27 08:33:58.043  INFO 236 --- [main] j.LocalContainerEntityManagerFactoryBean : Initialized JPA EntityManagerFactory for persistence unit 'default'
2022-04-27 08:33:59.890  WARN 236 --- [main] JpaBaseConfiguration$JpaWebConfiguration : spring.jpa.open-in-view is enabled by default. Therefore, database queries may be performed during view rendering. Explicitly configure spring.jpa.open-in-view to disable this warning
2022-04-27 08:34:00.478 DEBUG 236 --- [main] s.w.s.m.m.a.RequestMappingHandlerAdapter : ControllerAdvice beans: 0 @ModelAttribute, 0 @InitBinder, 1 RequestBodyAdvice, 1 ResponseBodyAdvice
2022-04-27 08:34:00.899 TRACE 236 --- [main] s.w.s.m.m.a.RequestMappingHandlerMapping : 
	a.AppApplication:
	{ [/]}: home()
2022-04-27 08:34:00.913 TRACE 236 --- [main] s.w.s.m.m.a.RequestMappingHandlerMapping : 
	a.c.ContactController:
	{POST [/contacts/new]}: add(ContactForm)
	{DELETE [/contacts/delete/{id}]}: delete(Long)
	{GET [/contacts]}: form(Model)
	{ [/contacts/master]}: contacts(Model)
	{POST [/contacts/confirm]}: confirm(ContactForm,Model)
2022-04-27 08:34:00.914 TRACE 236 --- [main] s.w.s.m.m.a.RequestMappingHandlerMapping : 
	a.c.CustomErrorController:
	{ [/error]}: error(HttpServletRequest,ModelAndView)
	{ [/404]}: notFoundError()
2022-04-27 08:34:00.915 TRACE 236 --- [main] s.w.s.m.m.a.RequestMappingHandlerMapping : 
	a.c.HelloController:
	{GET [/]}: index(Model)
2022-04-27 08:34:00.916 TRACE 236 --- [main] s.w.s.m.m.a.RequestMappingHandlerMapping : 
	a.c.UserController:
	{ [/users]}: users(Model)
2022-04-27 08:34:00.918 DEBUG 236 --- [main] s.w.s.m.m.a.RequestMappingHandlerMapping : 10 mappings in 'requestMappingHandlerMapping'
2022-04-27 08:34:00.956  INFO 236 --- [main] o.s.b.a.w.s.WelcomePageHandlerMapping    : Adding welcome page template: index
2022-04-27 08:34:01.002 DEBUG 236 --- [main] o.s.w.s.h.BeanNameUrlHandlerMapping      : Detected 0 mappings in 'beanNameHandlerMapping'
2022-04-27 08:34:01.017 TRACE 236 --- [main] o.s.w.s.f.support.RouterFunctionMapping  : 0 RouterFunction(s) in 'routerFunctionMapping'
2022-04-27 08:34:01.057 TRACE 236 --- [main] o.s.w.s.handler.SimpleUrlHandlerMapping  : Mapped [/webjars/**] onto ResourceHttpRequestHandler [classpath [META-INF/resources/webjars/]]
2022-04-27 08:34:01.058 TRACE 236 --- [main] o.s.w.s.handler.SimpleUrlHandlerMapping  : Mapped [/**] onto ResourceHttpRequestHandler [classpath [META-INF/resources/], classpath [resources/], classpath [static/], classpath [public/], ServletContext [/]]
2022-04-27 08:34:01.058 DEBUG 236 --- [main] o.s.w.s.handler.SimpleUrlHandlerMapping  : Patterns [/webjars/**, /**] in 'resourceHandlerMapping'
2022-04-27 08:34:01.102 DEBUG 236 --- [main] .m.m.a.ExceptionHandlerExceptionResolver : ControllerAdvice beans: 0 @ExceptionHandler, 1 ResponseBodyAdvice
2022-04-27 08:34:01.566  INFO 236 --- [main] o.s.b.w.embedded.tomcat.TomcatWebServer  : Tomcat started on port(s): 8080 (http) with context path ''
2022-04-27 08:34:01.586  INFO 236 --- [main] app.AppApplication                       : Started AppApplication in 23.53 seconds (JVM running for 24.597)
2022-04-27 08:40:05.668  INFO 516 --- [Test worker] app.AppApplicationTests                  : Starting AppApplicationTests using Java 15.0.2 on 89025f7b5b94 with PID 516 (started by root in /srv)
2022-04-27 08:40:05.674  INFO 516 --- [Test worker] app.AppApplicationTests                  : No active profile set, falling back to 1 default profile: "default"
2022-04-27 08:40:05.993 TRACE 516 --- [Test worker] o.s.w.c.s.GenericWebApplicationContext   : Refreshing org.springframework.web.context.support.GenericWebApplicationContext@624b3544, started on Wed Apr 27 08:40:05 UTC 2022
2022-04-27 08:40:10.695  INFO 516 --- [Test worker] .s.d.r.c.RepositoryConfigurationDelegate : Bootstrapping Spring Data JPA repositories in DEFAULT mode.
2022-04-27 08:40:11.347  INFO 516 --- [Test worker] .s.d.r.c.RepositoryConfigurationDelegate : Finished Spring Data repository scanning in 567 ms. Found 2 JPA repository interfaces.
2022-04-27 08:40:14.682 TRACE 516 --- [Test worker] o.s.w.c.s.GenericWebApplicationContext   : No 'messageSource' bean, using [Empty MessageSource]
2022-04-27 08:40:14.683 TRACE 516 --- [Test worker] o.s.w.c.s.GenericWebApplicationContext   : No 'applicationEventMulticaster' bean, using [SimpleApplicationEventMulticaster]
2022-04-27 08:40:15.728  INFO 516 --- [Test worker] com.zaxxer.hikari.HikariDataSource       : HikariPool-1 - Starting...
2022-04-27 08:40:17.369  INFO 516 --- [Test worker] com.zaxxer.hikari.HikariDataSource       : HikariPool-1 - Start completed.
2022-04-27 08:40:18.154  INFO 516 --- [Test worker] o.hibernate.jpa.internal.util.LogHelper  : HHH000204: Processing PersistenceUnitInfo [name: default]
2022-04-27 08:40:19.744  INFO 516 --- [Test worker] org.hibernate.Version                    : HHH000412: Hibernate ORM core version 5.6.8.Final
2022-04-27 08:40:22.400  INFO 516 --- [Test worker] o.hibernate.annotations.common.Version   : HCANN000001: Hibernate Commons Annotations {5.1.2.Final}
2022-04-27 08:40:24.706  INFO 516 --- [Test worker] org.hibernate.dialect.Dialect            : HHH000400: Using dialect: org.hibernate.dialect.MySQL8Dialect
2022-04-27 08:40:32.190  INFO 516 --- [Test worker] o.h.e.t.j.p.i.JtaPlatformInitiator       : HHH000490: Using JtaPlatform implementation: [org.hibernate.engine.transaction.jta.platform.internal.NoJtaPlatform]
2022-04-27 08:40:32.426  INFO 516 --- [Test worker] j.LocalContainerEntityManagerFactoryBean : Initialized JPA EntityManagerFactory for persistence unit 'default'
2022-04-27 08:40:37.587  WARN 516 --- [Test worker] JpaBaseConfiguration$JpaWebConfiguration : spring.jpa.open-in-view is enabled by default. Therefore, database queries may be performed during view rendering. Explicitly configure spring.jpa.open-in-view to disable this warning
2022-04-27 08:40:39.762 DEBUG 516 --- [Test worker] s.w.s.m.m.a.RequestMappingHandlerAdapter : ControllerAdvice beans: 0 @ModelAttribute, 0 @InitBinder, 1 RequestBodyAdvice, 1 ResponseBodyAdvice
2022-04-27 08:40:40.818 TRACE 516 --- [Test worker] s.w.s.m.m.a.RequestMappingHandlerMapping : 
	a.AppApplication:
	{ [/]}: home()
2022-04-27 08:40:40.850 TRACE 516 --- [Test worker] s.w.s.m.m.a.RequestMappingHandlerMapping : 
	a.c.ContactController:
	{POST [/contacts/new]}: add(ContactForm)
	{DELETE [/contacts/delete/{id}]}: delete(Long)
	{GET [/contacts]}: form(Model)
	{ [/contacts/master]}: contacts(Model)
	{POST [/contacts/confirm]}: confirm(ContactForm,Model)
2022-04-27 08:40:40.853 TRACE 516 --- [Test worker] s.w.s.m.m.a.RequestMappingHandlerMapping : 
	a.c.CustomErrorController:
	{ [/error]}: error(HttpServletRequest,ModelAndView)
	{ [/404]}: notFoundError()
2022-04-27 08:40:40.861 TRACE 516 --- [Test worker] s.w.s.m.m.a.RequestMappingHandlerMapping : 
	a.c.HelloController:
	{GET [/]}: index(Model)
2022-04-27 08:40:40.862 TRACE 516 --- [Test worker] s.w.s.m.m.a.RequestMappingHandlerMapping : 
	a.c.UserController:
	{ [/users]}: users(Model)
2022-04-27 08:40:40.868 DEBUG 516 --- [Test worker] s.w.s.m.m.a.RequestMappingHandlerMapping : 10 mappings in 'requestMappingHandlerMapping'
2022-04-27 08:40:40.969  INFO 516 --- [Test worker] o.s.b.a.w.s.WelcomePageHandlerMapping    : Adding welcome page template: index
2022-04-27 08:40:41.608 DEBUG 516 --- [Test worker] o.s.w.s.h.BeanNameUrlHandlerMapping      : Detected 0 mappings in 'beanNameHandlerMapping'
2022-04-27 08:40:41.778 TRACE 516 --- [Test worker] o.s.w.s.f.support.RouterFunctionMapping  : 0 RouterFunction(s) in 'routerFunctionMapping'
2022-04-27 08:40:42.019 TRACE 516 --- [Test worker] o.s.w.s.handler.SimpleUrlHandlerMapping  : Mapped [/webjars/**] onto ResourceHttpRequestHandler [classpath [META-INF/resources/webjars/]]
2022-04-27 08:40:42.021 TRACE 516 --- [Test worker] o.s.w.s.handler.SimpleUrlHandlerMapping  : Mapped [/**] onto ResourceHttpRequestHandler [classpath [META-INF/resources/], classpath [resources/], classpath [static/], classpath [public/], ServletContext [/]]
2022-04-27 08:40:42.023 DEBUG 516 --- [Test worker] o.s.w.s.handler.SimpleUrlHandlerMapping  : Patterns [/webjars/**, /**] in 'resourceHandlerMapping'
2022-04-27 08:40:42.162 DEBUG 516 --- [Test worker] .m.m.a.ExceptionHandlerExceptionResolver : ControllerAdvice beans: 0 @ExceptionHandler, 1 ResponseBodyAdvice
2022-04-27 08:40:44.983 TRACE 516 --- [Test worker] o.s.w.c.s.GenericWebApplicationContext   : Using LifecycleProcessor [org.springframework.context.support.DefaultLifecycleProcessor@23e585e4]
2022-04-27 08:40:45.010  INFO 516 --- [Test worker] app.AppApplicationTests                  : Started AppApplicationTests in 41.924 seconds (JVM running for 49.468)
2022-04-27 08:40:46.925  INFO 516 --- [Test worker] .b.t.c.SpringBootTestContextBootstrapper : Neither @ContextConfiguration nor @ContextHierarchy found for test class [app.Controller.ContactControllerTest], using SpringBootContextLoader
2022-04-27 08:40:46.940  INFO 516 --- [Test worker] o.s.t.c.support.AbstractContextLoader    : Could not detect default resource locations for test class [app.Controller.ContactControllerTest]: no resource found for suffixes {-context.xml, Context.groovy}.
2022-04-27 08:40:46.942  INFO 516 --- [Test worker] t.c.s.AnnotationConfigContextLoaderUtils : Could not detect default configuration classes for test class [app.Controller.ContactControllerTest]: ContactControllerTest does not declare any static, non-private, non-final, nested classes annotated with @Configuration.
2022-04-27 08:40:47.205  INFO 516 --- [Test worker] .b.t.c.SpringBootTestContextBootstrapper : Found @SpringBootConfiguration app.AppApplication for test class app.Controller.ContactControllerTest
2022-04-27 08:40:47.236  INFO 516 --- [Test worker] .b.t.c.SpringBootTestContextBootstrapper : Loaded default TestExecutionListener class names from location [META-INF/spring.factories]: [org.springframework.boot.test.autoconfigure.restdocs.RestDocsTestExecutionListener, org.springframework.boot.test.autoconfigure.web.client.MockRestServiceServerResetTestExecutionListener, org.springframework.boot.test.autoconfigure.web.servlet.MockMvcPrintOnlyOnFailureTestExecutionListener, org.springframework.boot.test.autoconfigure.web.servlet.WebDriverTestExecutionListener, org.springframework.boot.test.autoconfigure.webservices.client.MockWebServiceServerTestExecutionListener, org.springframework.boot.test.mock.mockito.MockitoTestExecutionListener, org.springframework.boot.test.mock.mockito.ResetMocksTestExecutionListener, org.springframework.test.context.web.ServletTestExecutionListener, org.springframework.test.context.support.DirtiesContextBeforeModesTestExecutionListener, org.springframework.test.context.event.ApplicationEventsTestExecutionListener, org.springframework.test.context.support.DependencyInjectionTestExecutionListener, org.springframework.test.context.support.DirtiesContextTestExecutionListener, org.springframework.test.context.transaction.TransactionalTestExecutionListener, org.springframework.test.context.jdbc.SqlScriptsTestExecutionListener, org.springframework.test.context.event.EventPublishingTestExecutionListener]
2022-04-27 08:40:47.237  INFO 516 --- [Test worker] .b.t.c.SpringBootTestContextBootstrapper : Using TestExecutionListeners: [org.springframework.test.context.web.ServletTestExecutionListener@632205ce, org.springframework.test.context.support.DirtiesContextBeforeModesTestExecutionListener@27c0e529, org.springframework.test.context.event.ApplicationEventsTestExecutionListener@3acd599d, org.springframework.boot.test.mock.mockito.MockitoTestExecutionListener@1a92a239, org.springframework.boot.test.autoconfigure.SpringBootDependencyInjectionTestExecutionListener@69edd8d0, org.springframework.test.context.support.DirtiesContextTestExecutionListener@49249169, org.springframework.test.context.transaction.TransactionalTestExecutionListener@19f52861, org.springframework.test.context.jdbc.SqlScriptsTestExecutionListener@16f9d20c, org.springframework.test.context.event.EventPublishingTestExecutionListener@11d5a35b, org.springframework.boot.test.autoconfigure.restdocs.RestDocsTestExecutionListener@7c17d7d1, org.springframework.boot.test.autoconfigure.web.client.MockRestServiceServerResetTestExecutionListener@4c914e12, org.springframework.boot.test.autoconfigure.web.servlet.MockMvcPrintOnlyOnFailureTestExecutionListener@14209c3e, org.springframework.boot.test.autoconfigure.web.servlet.WebDriverTestExecutionListener@28533a9a, org.springframework.boot.test.autoconfigure.webservices.client.MockWebServiceServerTestExecutionListener@6a38c91e, org.springframework.boot.test.mock.mockito.ResetMocksTestExecutionListener@2c1feb95]
2022-04-27 08:40:47.640  INFO 516 --- [Test worker] app.Controller.ContactControllerTest     : Starting ContactControllerTest using Java 15.0.2 on 89025f7b5b94 with PID 516 (started by root in /srv)
2022-04-27 08:40:47.641  INFO 516 --- [Test worker] app.Controller.ContactControllerTest     : No active profile set, falling back to 1 default profile: "default"
2022-04-27 08:40:47.693 TRACE 516 --- [Test worker] o.s.w.c.s.GenericWebApplicationContext   : Refreshing org.springframework.web.context.support.GenericWebApplicationContext@521f1d77, started on Wed Apr 27 08:40:47 UTC 2022
2022-04-27 08:40:50.289  INFO 516 --- [Test worker] .s.d.r.c.RepositoryConfigurationDelegate : Bootstrapping Spring Data JPA repositories in DEFAULT mode.
2022-04-27 08:40:50.640  INFO 516 --- [Test worker] .s.d.r.c.RepositoryConfigurationDelegate : Finished Spring Data repository scanning in 350 ms. Found 2 JPA repository interfaces.
2022-04-27 08:40:51.581 TRACE 516 --- [Test worker] o.s.w.c.s.GenericWebApplicationContext   : No 'messageSource' bean, using [Empty MessageSource]
2022-04-27 08:40:51.582 TRACE 516 --- [Test worker] o.s.w.c.s.GenericWebApplicationContext   : No 'applicationEventMulticaster' bean, using [SimpleApplicationEventMulticaster]
2022-04-27 08:40:51.936  INFO 516 --- [Test worker] com.zaxxer.hikari.HikariDataSource       : HikariPool-2 - Starting...
2022-04-27 08:40:51.961  INFO 516 --- [Test worker] com.zaxxer.hikari.HikariDataSource       : HikariPool-2 - Start completed.
2022-04-27 08:40:52.318  INFO 516 --- [Test worker] o.hibernate.jpa.internal.util.LogHelper  : HHH000204: Processing PersistenceUnitInfo [name: default]
2022-04-27 08:40:52.482  INFO 516 --- [Test worker] org.hibernate.dialect.Dialect            : HHH000400: Using dialect: org.hibernate.dialect.MySQL8Dialect
2022-04-27 08:40:52.709  INFO 516 --- [Test worker] o.h.e.t.j.p.i.JtaPlatformInitiator       : HHH000490: Using JtaPlatform implementation: [org.hibernate.engine.transaction.jta.platform.internal.NoJtaPlatform]
2022-04-27 08:40:52.711  INFO 516 --- [Test worker] j.LocalContainerEntityManagerFactoryBean : Initialized JPA EntityManagerFactory for persistence unit 'default'
2022-04-27 08:40:54.757  WARN 516 --- [Test worker] JpaBaseConfiguration$JpaWebConfiguration : spring.jpa.open-in-view is enabled by default. Therefore, database queries may be performed during view rendering. Explicitly configure spring.jpa.open-in-view to disable this warning
2022-04-27 08:40:55.972 DEBUG 516 --- [Test worker] s.w.s.m.m.a.RequestMappingHandlerAdapter : ControllerAdvice beans: 0 @ModelAttribute, 0 @InitBinder, 1 RequestBodyAdvice, 1 ResponseBodyAdvice
2022-04-27 08:40:56.161 TRACE 516 --- [Test worker] s.w.s.m.m.a.RequestMappingHandlerMapping : 
	a.AppApplication:
	{ [/]}: home()
2022-04-27 08:40:56.167 TRACE 516 --- [Test worker] s.w.s.m.m.a.RequestMappingHandlerMapping : 
	a.c.ContactController:
	{POST [/contacts/new]}: add(ContactForm)
	{DELETE [/contacts/delete/{id}]}: delete(Long)
	{GET [/contacts]}: form(Model)
	{ [/contacts/master]}: contacts(Model)
	{POST [/contacts/confirm]}: confirm(ContactForm,Model)
2022-04-27 08:40:56.169 TRACE 516 --- [Test worker] s.w.s.m.m.a.RequestMappingHandlerMapping : 
	a.c.CustomErrorController:
	{ [/error]}: error(HttpServletRequest,ModelAndView)
	{ [/404]}: notFoundError()
2022-04-27 08:40:56.175 TRACE 516 --- [Test worker] s.w.s.m.m.a.RequestMappingHandlerMapping : 
	a.c.HelloController:
	{GET [/]}: index(Model)
2022-04-27 08:40:56.176 TRACE 516 --- [Test worker] s.w.s.m.m.a.RequestMappingHandlerMapping : 
	a.c.UserController:
	{ [/users]}: users(Model)
2022-04-27 08:40:56.180 DEBUG 516 --- [Test worker] s.w.s.m.m.a.RequestMappingHandlerMapping : 10 mappings in 'requestMappingHandlerMapping'
2022-04-27 08:40:56.277  INFO 516 --- [Test worker] o.s.b.a.w.s.WelcomePageHandlerMapping    : Adding welcome page template: index
2022-04-27 08:40:56.680 DEBUG 516 --- [Test worker] o.s.w.s.h.BeanNameUrlHandlerMapping      : Detected 0 mappings in 'beanNameHandlerMapping'
2022-04-27 08:40:56.807 TRACE 516 --- [Test worker] o.s.w.s.f.support.RouterFunctionMapping  : 0 RouterFunction(s) in 'routerFunctionMapping'
2022-04-27 08:40:56.928 TRACE 516 --- [Test worker] o.s.w.s.handler.SimpleUrlHandlerMapping  : Mapped [/webjars/**] onto ResourceHttpRequestHandler [classpath [META-INF/resources/webjars/]]
2022-04-27 08:40:56.929 TRACE 516 --- [Test worker] o.s.w.s.handler.SimpleUrlHandlerMapping  : Mapped [/**] onto ResourceHttpRequestHandler [classpath [META-INF/resources/], classpath [resources/], classpath [static/], classpath [public/], ServletContext [/]]
2022-04-27 08:40:56.930 DEBUG 516 --- [Test worker] o.s.w.s.handler.SimpleUrlHandlerMapping  : Patterns [/webjars/**, /**] in 'resourceHandlerMapping'
2022-04-27 08:40:57.045 DEBUG 516 --- [Test worker] .m.m.a.ExceptionHandlerExceptionResolver : ControllerAdvice beans: 0 @ExceptionHandler, 1 ResponseBodyAdvice
2022-04-27 08:40:58.793  INFO 516 --- [Test worker] o.s.b.t.m.w.SpringBootMockServletContext : Initializing Spring TestDispatcherServlet ''
2022-04-27 08:40:58.794  INFO 516 --- [Test worker] o.s.t.web.servlet.TestDispatcherServlet  : Initializing Servlet ''
2022-04-27 08:40:58.797  INFO 516 --- [Test worker] o.s.t.web.servlet.TestDispatcherServlet  : Completed initialization in 1 ms
2022-04-27 08:40:58.833 TRACE 516 --- [Test worker] o.s.w.c.s.GenericWebApplicationContext   : Using LifecycleProcessor [org.springframework.context.support.DefaultLifecycleProcessor@682b48e9]
2022-04-27 08:40:58.841  INFO 516 --- [Test worker] app.Controller.ContactControllerTest     : Started ContactControllerTest in 11.577 seconds (JVM running for 63.298)
2022-04-27 08:40:59.190 TRACE 516 --- [Test worker] s.w.s.m.m.a.RequestMappingHandlerMapping : 2 matching mappings: [{GET [/]}, { [/]}]
2022-04-27 08:40:59.197 TRACE 516 --- [Test worker] s.w.s.m.m.a.RequestMappingHandlerMapping : Mapped to app.controller.HelloController#index(Model)
2022-04-27 08:40:59.390 TRACE 516 --- [Test worker] o.s.web.method.HandlerMethod             : Arguments: [{}]
2022-04-27 08:40:59.421 TRACE 516 --- [Test worker] s.w.s.m.m.a.RequestMappingHandlerAdapter : Applying default cacheSeconds=-1
2022-04-27 08:40:59.533 DEBUG 516 --- [Test worker] o.s.w.s.v.ContentNegotiatingViewResolver : Selected '*/*' given [*/*]
2022-04-27 08:41:02.448  INFO 516 --- [Test worker] .b.t.c.SpringBootTestContextBootstrapper : Neither @ContextConfiguration nor @ContextHierarchy found for test class [app.Controller.HomeControllerTest], using SpringBootContextLoader
2022-04-27 08:41:02.464  INFO 516 --- [Test worker] o.s.t.c.support.AbstractContextLoader    : Could not detect default resource locations for test class [app.Controller.HomeControllerTest]: no resource found for suffixes {-context.xml, Context.groovy}.
2022-04-27 08:41:02.465  INFO 516 --- [Test worker] t.c.s.AnnotationConfigContextLoaderUtils : Could not detect default configuration classes for test class [app.Controller.HomeControllerTest]: HomeControllerTest does not declare any static, non-private, non-final, nested classes annotated with @Configuration.
2022-04-27 08:41:02.473  INFO 516 --- [Test worker] .b.t.c.SpringBootTestContextBootstrapper : Found @SpringBootConfiguration app.AppApplication for test class app.Controller.HomeControllerTest
2022-04-27 08:41:02.492  INFO 516 --- [Test worker] .b.t.c.SpringBootTestContextBootstrapper : Loaded default TestExecutionListener class names from location [META-INF/spring.factories]: [org.springframework.boot.test.autoconfigure.restdocs.RestDocsTestExecutionListener, org.springframework.boot.test.autoconfigure.web.client.MockRestServiceServerResetTestExecutionListener, org.springframework.boot.test.autoconfigure.web.servlet.MockMvcPrintOnlyOnFailureTestExecutionListener, org.springframework.boot.test.autoconfigure.web.servlet.WebDriverTestExecutionListener, org.springframework.boot.test.autoconfigure.webservices.client.MockWebServiceServerTestExecutionListener, org.springframework.boot.test.mock.mockito.MockitoTestExecutionListener, org.springframework.boot.test.mock.mockito.ResetMocksTestExecutionListener, org.springframework.test.context.web.ServletTestExecutionListener, org.springframework.test.context.support.DirtiesContextBeforeModesTestExecutionListener, org.springframework.test.context.event.ApplicationEventsTestExecutionListener, org.springframework.test.context.support.DependencyInjectionTestExecutionListener, org.springframework.test.context.support.DirtiesContextTestExecutionListener, org.springframework.test.context.transaction.TransactionalTestExecutionListener, org.springframework.test.context.jdbc.SqlScriptsTestExecutionListener, org.springframework.test.context.event.EventPublishingTestExecutionListener]
2022-04-27 08:41:02.494  INFO 516 --- [Test worker] .b.t.c.SpringBootTestContextBootstrapper : Using TestExecutionListeners: [org.springframework.test.context.web.ServletTestExecutionListener@a7b9673, org.springframework.test.context.support.DirtiesContextBeforeModesTestExecutionListener@6ddf31cd, org.springframework.test.context.event.ApplicationEventsTestExecutionListener@1eb7de01, org.springframework.boot.test.mock.mockito.MockitoTestExecutionListener@1986fd5b, org.springframework.boot.test.autoconfigure.SpringBootDependencyInjectionTestExecutionListener@4f982816, org.springframework.test.context.support.DirtiesContextTestExecutionListener@5b5d2971, org.springframework.test.context.transaction.TransactionalTestExecutionListener@7bbaa3cd, org.springframework.test.context.jdbc.SqlScriptsTestExecutionListener@5578e5c4, org.springframework.test.context.event.EventPublishingTestExecutionListener@5b2ebfe5, org.springframework.boot.test.autoconfigure.restdocs.RestDocsTestExecutionListener@690a0350, org.springframework.boot.test.autoconfigure.web.client.MockRestServiceServerResetTestExecutionListener@47006177, org.springframework.boot.test.autoconfigure.web.servlet.MockMvcPrintOnlyOnFailureTestExecutionListener@5544ea96, org.springframework.boot.test.autoconfigure.web.servlet.WebDriverTestExecutionListener@7bbbb64c, org.springframework.boot.test.autoconfigure.webservices.client.MockWebServiceServerTestExecutionListener@42923ae8, org.springframework.boot.test.mock.mockito.ResetMocksTestExecutionListener@65df014]
2022-04-27 08:41:02.520 TRACE 516 --- [Test worker] s.w.s.m.m.a.RequestMappingHandlerMapping : 2 matching mappings: [{GET [/]}, { [/]}]
2022-04-27 08:41:02.522 TRACE 516 --- [Test worker] s.w.s.m.m.a.RequestMappingHandlerMapping : Mapped to app.controller.HelloController#index(Model)
2022-04-27 08:41:02.523 TRACE 516 --- [Test worker] o.s.web.method.HandlerMethod             : Arguments: [{}]
2022-04-27 08:41:02.524 TRACE 516 --- [Test worker] s.w.s.m.m.a.RequestMappingHandlerAdapter : Applying default cacheSeconds=-1
2022-04-27 08:41:02.525 TRACE 516 --- [Test worker] o.s.w.s.v.InternalResourceViewResolver   : View with key [index] served from cache
2022-04-27 08:41:02.526 DEBUG 516 --- [Test worker] o.s.w.s.v.ContentNegotiatingViewResolver : Selected '*/*' given [*/*]
2022-04-27 08:41:02.561 DEBUG 516 --- [SpringApplicationShutdownHook] o.s.w.c.s.GenericWebApplicationContext   : Closing org.springframework.web.context.support.GenericWebApplicationContext@624b3544, started on Wed Apr 27 08:40:05 UTC 2022
2022-04-27 08:41:02.565  INFO 516 --- [SpringApplicationShutdownHook] j.LocalContainerEntityManagerFactoryBean : Closing JPA EntityManagerFactory for persistence unit 'default'
2022-04-27 08:41:02.573  INFO 516 --- [SpringApplicationShutdownHook] com.zaxxer.hikari.HikariDataSource       : HikariPool-1 - Shutdown initiated...
2022-04-27 08:41:02.582  INFO 516 --- [SpringApplicationShutdownHook] com.zaxxer.hikari.HikariDataSource       : HikariPool-1 - Shutdown completed.
2022-04-27 08:41:02.587 DEBUG 516 --- [SpringApplicationShutdownHook] o.s.w.c.s.GenericWebApplicationContext   : Closing org.springframework.web.context.support.GenericWebApplicationContext@521f1d77, started on Wed Apr 27 08:40:47 UTC 2022
2022-04-27 08:41:02.590  INFO 516 --- [SpringApplicationShutdownHook] j.LocalContainerEntityManagerFactoryBean : Closing JPA EntityManagerFactory for persistence unit 'default'
2022-04-27 08:41:02.592  INFO 516 --- [SpringApplicationShutdownHook] com.zaxxer.hikari.HikariDataSource       : HikariPool-2 - Shutdown initiated...
2022-04-27 08:41:02.602  INFO 516 --- [SpringApplicationShutdownHook] com.zaxxer.hikari.HikariDataSource       : HikariPool-2 - Shutdown completed.
